-------------------------------------------------------------------------------
Test set: TestSuite
-------------------------------------------------------------------------------
Tests run: 3, Failures: 1, Errors: 0, Skipped: 0, Time elapsed: 62.192 s <<< FAILURE! - in TestSuite
getTestUrl(allurereports.GoogleTest)  Time elapsed: 0.637 s  <<< FAILURE!
java.lang.AssertionError: expected [Google] but found [https://www.google.co.in/]
	at allurereports.GoogleTest.getTestUrl(GoogleTest.java:36)

