<?xml version="1.0" encoding="UTF-8"?>
<!-- Generated by org.testng.reporters.JUnitXMLReporter -->
<testsuite ignored="0" hostname="CDC2-L-63KX1Z2" failures="1" tests="3" name="Test" time="50.313" errors="0" timestamp="15 May 2023 16:51:24 GMT">
  <testcase classname="allurereports.GoogleTest" name="getTestTitle" time="0.138"/>
  <testcase classname="allurereports.GoogleTest" name="getTestUrl" time="0.021">
    <failure type="java.lang.AssertionError" message="expected [Google] but found [https://www.google.co.in/]">
      <![CDATA[java.lang.AssertionError: expected [Google] but found [https://www.google.co.in/]
at allurereports.GoogleTest.getTestUrl(GoogleTest.java:36)
... Removed 35 stack frames]]>
    </failure>
  </testcase> <!-- getTestUrl -->
  <testcase classname="allurereports.GoogleTest" name="getTestSrc" time="0.349"/>
</testsuite> <!-- Test -->
