<?xml version="1.0" encoding="UTF-8"?>
<!-- Generated by org.testng.reporters.JUnitXMLReporter -->
<testsuite ignored="0" hostname="CDC2-L-63KX1Z2" failures="0" tests="2" name="Test" time="0.499" errors="0" timestamp="15 May 2023 04:07:50 GMT">
  <testcase classname="allurereports.GoogleTest" name="@BeforeMethod setUp" time="0.028">
    <failure type="java.lang.NullPointerException">
      <![CDATA[java.lang.NullPointerException
at allurereports.GoogleTest.setUp(GoogleTest.java:18)
... Removed 28 stack frames]]>
    </failure>
  </testcase> <!-- @BeforeMethod setUp -->
  <testcase classname="allurereports.GoogleTest" name="@AfterMethod tearDown" time="0.0">
    <skipped/>
  </testcase> <!-- @AfterMethod tearDown -->
  <testcase classname="allurereports.GoogleTest" name="@BeforeMethod setUp" time="0.0">
    <skipped/>
  </testcase> <!-- @BeforeMethod setUp -->
  <testcase classname="allurereports.GoogleTest" name="@AfterMethod tearDown" time="0.0">
    <skipped/>
  </testcase> <!-- @AfterMethod tearDown -->
  <testcase classname="allurereports.GoogleTest" name="getTestTitle" time="0.0">
    <skipped/>
  </testcase> <!-- getTestTitle -->
  <testcase classname="allurereports.GoogleTest" name="getTestUrl" time="0.0">
    <skipped/>
  </testcase> <!-- getTestUrl -->
</testsuite> <!-- Test -->
